#-----------------------------------------------------------
# Vivado v2018.1 (64-bit)
# SW Build 2188600 on Wed Apr  4 18:40:38 MDT 2018
# IP Build 2185939 on Wed Apr  4 20:55:05 MDT 2018
# Start of session at: Thu May 21 20:12:32 2020
# Process ID: 18804
# Current directory: C:/Users/wind/Desktop/Master_Thesis/Text_and_hardware/Hardware/SecureControl/VHDL
# Command line: vivado.exe -gui_launcher_event rodinguilauncherevent12888 C:\Users\wind\Desktop\Master_Thesis\Text_and_hardware\Hardware\SecureControl\VHDL\project_2.xpr
# Log file: C:/Users/wind/Desktop/Master_Thesis/Text_and_hardware/Hardware/SecureControl/VHDL/vivado.log
# Journal file: C:/Users/wind/Desktop/Master_Thesis/Text_and_hardware/Hardware/SecureControl/VHDL\vivado.jou
#-----------------------------------------------------------
start_gui
open_project C:/Users/wind/Desktop/Master_Thesis/Text_and_hardware/Hardware/SecureControl/VHDL/project_2.xpr
INFO: [ProjectBase 1-489] The host OS only allows 260 characters in a normal path. The project is stored in a path with more than 80 characters. If you experience issues with IP, Block Designs, or files not being found, please consider moving the project to a location with a shorter path. Alternately consider using the OS subst command to map part of the path to a drive letter.
Current project path is 'C:/Users/wind/Desktop/Master_Thesis/Text_and_hardware/Hardware/SecureControl/VHDL'
INFO: [Project 1-313] Project file moved from 'C:/Users/wind/Desktop/Master_Thesis/Text_and_hardware/Hardware/Secure_Control/project_2' since last save.
Scanning sources...
Finished scanning sources
INFO: [IP_Flow 19-234] Refreshing IP repositories
INFO: [IP_Flow 19-1704] No user IP repositories specified
INFO: [IP_Flow 19-2313] Loaded Vivado IP repository 'C:/Xilinx/Vivado/2018.1/data/ip'.
open_project: Time (s): cpu = 00:00:10 ; elapsed = 00:00:05 . Memory (MB): peak = 798.402 ; gain = 55.465
update_compile_order -fileset sources_1
set_property target_language VHDL [current_project]
update_ip_catalog
update_ip_catalog
exit
INFO: [Common 17-206] Exiting Vivado at Thu May 21 20:16:42 2020...
